2024-05-14 14:32:08,085 INFO o.a.j.u.JMeterUtils: Setting Locale to en_GB
2024-05-14 14:32:08,100 INFO o.a.j.JMeter: Loading user properties from: user.properties
2024-05-14 14:32:08,101 INFO o.a.j.JMeter: Loading system properties from: system.properties
2024-05-14 14:32:08,104 INFO o.a.j.JMeter: Copyright (c) 1998-2024 The Apache Software Foundation
2024-05-14 14:32:08,104 INFO o.a.j.JMeter: Version 5.6.3
2024-05-14 14:32:08,104 INFO o.a.j.JMeter: java.version=19.0.1
2024-05-14 14:32:08,104 INFO o.a.j.JMeter: java.vm.name=Java HotSpot(TM) 64-Bit Server VM
2024-05-14 14:32:08,104 INFO o.a.j.JMeter: os.name=Mac OS X
2024-05-14 14:32:08,104 INFO o.a.j.JMeter: os.arch=aarch64
2024-05-14 14:32:08,104 INFO o.a.j.JMeter: os.version=14.4.1
2024-05-14 14:32:08,105 INFO o.a.j.JMeter: file.encoding=UTF-8
2024-05-14 14:32:08,105 INFO o.a.j.JMeter: java.awt.headless=null
2024-05-14 14:32:08,105 INFO o.a.j.JMeter: Max memory     =2147483648
2024-05-14 14:32:08,105 INFO o.a.j.JMeter: Available Processors =8
2024-05-14 14:32:08,111 INFO o.a.j.JMeter: Default Locale=English (United Kingdom)
2024-05-14 14:32:08,111 INFO o.a.j.JMeter: JMeter  Locale=English (United Kingdom)
2024-05-14 14:32:08,111 INFO o.a.j.JMeter: JMeterHome=/Users/maccutui/Downloads/apache-jmeter-5.6.3
2024-05-14 14:32:08,111 INFO o.a.j.JMeter: user.dir  =/Users/maccutui/Downloads/apache-jmeter-5.6.3/bin
2024-05-14 14:32:08,111 INFO o.a.j.JMeter: PWD       =/Users/maccutui/Downloads/apache-jmeter-5.6.3/bin
2024-05-14 14:32:08,113 INFO o.a.j.JMeter: IP: 127.0.0.1 Name: Macs-MacBook-Air-3.local FullName: localhost
2024-05-14 14:32:08,119 INFO o.a.j.JMeter: Loaded icon properties from org/apache/jmeter/images/icon.properties
2024-05-14 14:32:08,348 INFO o.a.j.JMeterGuiLauncher: Setting LAF to: com.github.weisj.darklaf.DarkLaf:com.github.weisj.darklaf.theme.DarculaTheme
2024-05-14 14:33:08,445 INFO o.a.j.p.h.s.HTTPSamplerBase: Parser for text/html is org.apache.jmeter.protocol.http.parser.LagartoBasedHtmlParser
2024-05-14 14:33:08,446 INFO o.a.j.p.h.s.HTTPSamplerBase: Parser for application/xhtml+xml is org.apache.jmeter.protocol.http.parser.LagartoBasedHtmlParser
2024-05-14 14:33:08,446 INFO o.a.j.p.h.s.HTTPSamplerBase: Parser for application/xml is org.apache.jmeter.protocol.http.parser.LagartoBasedHtmlParser
2024-05-14 14:33:08,446 INFO o.a.j.p.h.s.HTTPSamplerBase: Parser for text/xml is org.apache.jmeter.protocol.http.parser.LagartoBasedHtmlParser
2024-05-14 14:33:08,446 INFO o.a.j.p.h.s.HTTPSamplerBase: Parser for text/vnd.wap.wml is org.apache.jmeter.protocol.http.parser.RegexpHTMLParser
2024-05-14 14:33:08,446 INFO o.a.j.p.h.s.HTTPSamplerBase: Parser for text/css is org.apache.jmeter.protocol.http.parser.CssParser
2024-05-14 14:38:39,283 INFO o.a.j.s.FileServer: Default base='/Users/maccutui/Downloads/apache-jmeter-5.6.3/bin'
2024-05-14 14:38:39,285 INFO o.a.j.s.FileServer: Set new base='/Users/maccutui/Downloads/apache-jmeter-5.6.3/bin'
2024-05-14 14:38:39,423 INFO o.a.j.s.SaveService: Testplan (JMX) version: 2.2. Testlog (JTL) version: 2.2
2024-05-14 14:38:39,437 INFO o.a.j.s.SaveService: Using SaveService properties version 5.0
2024-05-14 14:38:39,438 INFO o.a.j.s.SaveService: Using SaveService properties file encoding UTF-8
2024-05-14 14:39:09,840 INFO o.a.j.s.SampleResult: Note: Sample TimeStamps are START times
2024-05-14 14:39:09,840 INFO o.a.j.s.SampleResult: sampleresult.default.encoding is set to UTF-8
2024-05-14 14:39:09,841 INFO o.a.j.s.SampleResult: sampleresult.useNanoTime=true
2024-05-14 14:39:09,841 INFO o.a.j.s.SampleResult: sampleresult.nanoThreadSleep=5000
2024-05-14 14:39:29,071 INFO o.a.j.e.StandardJMeterEngine: Running the test!
2024-05-14 14:39:29,072 INFO o.a.j.s.SampleEvent: List of sample_variables: []
2024-05-14 14:39:29,072 INFO o.a.j.s.SampleEvent: List of sample_variables: []
2024-05-14 14:39:29,073 INFO o.a.j.e.u.CompoundVariable: Note: Function class names must contain the string: '.functions.'
2024-05-14 14:39:29,073 INFO o.a.j.e.u.CompoundVariable: Note: Function class names must not contain the string: '.gui.'
2024-05-14 14:39:29,107 INFO o.a.j.g.u.JMeterMenuBar: setRunning(true, *local*)
2024-05-14 14:39:29,126 INFO o.a.j.e.StandardJMeterEngine: Starting ThreadGroup: 1 : Thread Group
2024-05-14 14:39:29,126 INFO o.a.j.e.StandardJMeterEngine: Starting 1 threads for group Thread Group.
2024-05-14 14:39:29,126 INFO o.a.j.e.StandardJMeterEngine: Thread will continue on error
2024-05-14 14:39:29,127 INFO o.a.j.t.ThreadGroup: Starting thread group... number=1 threads=1 ramp-up=1 delayedStart=false
2024-05-14 14:39:29,128 INFO o.a.j.t.ThreadGroup: Started thread group number 1
2024-05-14 14:39:29,128 INFO o.a.j.e.StandardJMeterEngine: All thread groups have been started
2024-05-14 14:39:29,128 INFO o.a.j.t.JMeterThread: Thread started: Thread Group 1-1
2024-05-14 14:39:29,136 INFO o.a.j.p.h.s.HTTPHCAbstractImpl: Local host = Macs-MacBook-Air-3.local
2024-05-14 14:39:29,140 INFO o.a.j.p.h.s.HTTPHC4Impl: HTTP request retry count = 0
2024-05-14 14:39:30,400 INFO o.a.j.p.h.s.h.LazyLayeredConnectionSocketFactory: Setting up HTTPS TrustAll Socket Factory
2024-05-14 14:39:30,404 INFO o.a.j.u.JsseSSLManager: Using default SSL protocol: TLS
2024-05-14 14:39:30,404 INFO o.a.j.u.JsseSSLManager: SSL session context: per-thread
2024-05-14 14:39:30,759 INFO o.a.j.u.SSLManager: JmeterKeyStore Location:  type JKS
2024-05-14 14:39:30,761 INFO o.a.j.u.SSLManager: KeyStore created OK
2024-05-14 14:39:30,761 WARN o.a.j.u.SSLManager: Keystore file not found, loading empty keystore
2024-05-14 14:40:10,926 INFO o.a.j.t.JMeterThread: Thread is done: Thread Group 1-1
2024-05-14 14:40:10,927 INFO o.a.j.t.JMeterThread: Thread finished: Thread Group 1-1
2024-05-14 14:40:10,939 INFO o.a.j.e.StandardJMeterEngine: Notifying test listeners of end of test
2024-05-14 14:40:10,940 INFO o.a.j.g.u.JMeterMenuBar: setRunning(false, *local*)
2024-05-14 14:40:26,209 INFO o.a.j.e.StandardJMeterEngine: Running the test!
2024-05-14 14:40:26,210 INFO o.a.j.s.SampleEvent: List of sample_variables: []
2024-05-14 14:40:26,211 INFO o.a.j.g.u.JMeterMenuBar: setRunning(true, *local*)
2024-05-14 14:40:26,244 INFO o.a.j.e.StandardJMeterEngine: Starting ThreadGroup: 1 : Thread Group
2024-05-14 14:40:26,244 INFO o.a.j.e.StandardJMeterEngine: Starting 1 threads for group Thread Group.
2024-05-14 14:40:26,244 INFO o.a.j.e.StandardJMeterEngine: Thread will continue on error
2024-05-14 14:40:26,244 INFO o.a.j.t.ThreadGroup: Starting thread group... number=1 threads=1 ramp-up=1 delayedStart=false
2024-05-14 14:40:26,245 INFO o.a.j.t.ThreadGroup: Started thread group number 1
2024-05-14 14:40:26,245 INFO o.a.j.e.StandardJMeterEngine: All thread groups have been started
2024-05-14 14:40:26,245 INFO o.a.j.t.JMeterThread: Thread started: Thread Group 1-1
2024-05-14 14:40:30,068 INFO o.a.j.g.a.Start: Stopping test
2024-05-14 14:40:30,093 INFO o.a.j.t.JMeterThread: Stopping: Thread Group 1-1
2024-05-14 14:40:30,094 WARN o.a.j.t.JMeterThread: Interrupting: Thread Group 1-1 sampler: Resources
2024-05-14 14:40:30,099 INFO o.a.j.t.JMeterThread: Thread finished: Thread Group 1-1
2024-05-14 14:40:30,099 INFO o.a.j.e.StandardJMeterEngine: Notifying test listeners of end of test
2024-05-14 14:40:30,099 INFO o.a.j.g.u.JMeterMenuBar: setRunning(false, *local*)
2024-05-14 14:41:08,890 INFO o.a.j.e.StandardJMeterEngine: Running the test!
2024-05-14 14:41:08,891 INFO o.a.j.s.SampleEvent: List of sample_variables: []
2024-05-14 14:41:08,892 INFO o.a.j.g.u.JMeterMenuBar: setRunning(true, *local*)
2024-05-14 14:41:08,926 INFO o.a.j.e.StandardJMeterEngine: Starting ThreadGroup: 1 : Thread Group
2024-05-14 14:41:08,927 INFO o.a.j.e.StandardJMeterEngine: Starting 1 threads for group Thread Group.
2024-05-14 14:41:08,927 INFO o.a.j.e.StandardJMeterEngine: Thread will continue on error
2024-05-14 14:41:08,927 INFO o.a.j.t.ThreadGroup: Starting thread group... number=1 threads=1 ramp-up=1 delayedStart=false
2024-05-14 14:41:08,927 INFO o.a.j.t.ThreadGroup: Started thread group number 1
2024-05-14 14:41:08,927 INFO o.a.j.e.StandardJMeterEngine: All thread groups have been started
2024-05-14 14:41:08,927 INFO o.a.j.t.JMeterThread: Thread started: Thread Group 1-1
2024-05-14 14:41:23,371 INFO o.a.j.t.JMeterThread: Thread is done: Thread Group 1-1
2024-05-14 14:41:23,371 INFO o.a.j.t.JMeterThread: Thread finished: Thread Group 1-1
2024-05-14 14:41:23,372 INFO o.a.j.e.StandardJMeterEngine: Notifying test listeners of end of test
2024-05-14 14:41:23,372 INFO o.a.j.g.u.JMeterMenuBar: setRunning(false, *local*)
2024-05-14 14:42:02,139 INFO o.a.j.e.StandardJMeterEngine: Running the test!
2024-05-14 14:42:02,139 INFO o.a.j.s.SampleEvent: List of sample_variables: []
2024-05-14 14:42:02,140 INFO o.a.j.g.u.JMeterMenuBar: setRunning(true, *local*)
2024-05-14 14:42:02,174 INFO o.a.j.e.StandardJMeterEngine: Starting ThreadGroup: 1 : Thread Group
2024-05-14 14:42:02,174 INFO o.a.j.e.StandardJMeterEngine: Starting 10 threads for group Thread Group.
2024-05-14 14:42:02,174 INFO o.a.j.e.StandardJMeterEngine: Thread will continue on error
2024-05-14 14:42:02,174 INFO o.a.j.t.ThreadGroup: Starting thread group... number=1 threads=10 ramp-up=2 delayedStart=false
2024-05-14 14:42:02,175 INFO o.a.j.t.JMeterThread: Thread started: Thread Group 1-1
2024-05-14 14:42:02,177 INFO o.a.j.t.ThreadGroup: Started thread group number 1
2024-05-14 14:42:02,177 INFO o.a.j.e.StandardJMeterEngine: All thread groups have been started
2024-05-14 14:42:02,380 INFO o.a.j.t.JMeterThread: Thread started: Thread Group 1-2
2024-05-14 14:42:02,579 INFO o.a.j.t.JMeterThread: Thread started: Thread Group 1-3
2024-05-14 14:42:02,779 INFO o.a.j.t.JMeterThread: Thread started: Thread Group 1-4
2024-05-14 14:42:02,979 INFO o.a.j.t.JMeterThread: Thread started: Thread Group 1-5
2024-05-14 14:42:03,178 INFO o.a.j.t.JMeterThread: Thread started: Thread Group 1-6
2024-05-14 14:42:03,379 INFO o.a.j.t.JMeterThread: Thread started: Thread Group 1-7
2024-05-14 14:42:03,576 INFO o.a.j.t.JMeterThread: Thread started: Thread Group 1-8
2024-05-14 14:42:03,780 INFO o.a.j.t.JMeterThread: Thread started: Thread Group 1-9
2024-05-14 14:42:03,980 INFO o.a.j.t.JMeterThread: Thread started: Thread Group 1-10
2024-05-14 15:02:18,334 INFO o.a.j.t.JMeterThread: Thread is done: Thread Group 1-6
2024-05-14 15:02:18,335 INFO o.a.j.t.JMeterThread: Thread finished: Thread Group 1-6
2024-05-14 15:03:25,232 INFO o.a.j.t.JMeterThread: Thread is done: Thread Group 1-4
2024-05-14 15:03:25,232 INFO o.a.j.t.JMeterThread: Thread finished: Thread Group 1-4
2024-05-14 15:05:10,312 INFO o.a.j.t.JMeterThread: Thread is done: Thread Group 1-8
2024-05-14 15:05:10,312 INFO o.a.j.t.JMeterThread: Thread finished: Thread Group 1-8
2024-05-14 15:05:44,804 INFO o.a.j.t.JMeterThread: Thread is done: Thread Group 1-10
2024-05-14 15:05:44,804 INFO o.a.j.t.JMeterThread: Thread finished: Thread Group 1-10
2024-05-14 15:35:50,171 INFO o.a.j.g.a.Start: Stopping test
2024-05-14 15:35:50,198 INFO o.a.j.t.JMeterThread: Stopping: Thread Group 1-1
2024-05-14 15:35:50,198 WARN o.a.j.t.JMeterThread: Interrupting: Thread Group 1-1 sampler: Resources
2024-05-14 15:35:50,200 INFO o.a.j.t.JMeterThread: Stopping: Thread Group 1-3
2024-05-14 15:35:50,200 WARN o.a.j.t.JMeterThread: Interrupting: Thread Group 1-3 sampler: Business
2024-05-14 15:35:50,201 INFO o.a.j.t.JMeterThread: Stopping: Thread Group 1-9
2024-05-14 15:35:50,201 WARN o.a.j.t.JMeterThread: Interrupting: Thread Group 1-9 sampler: Simpli
2024-05-14 15:35:50,201 INFO o.a.j.t.JMeterThread: Thread finished: Thread Group 1-1
2024-05-14 15:35:50,201 INFO o.a.j.t.JMeterThread: Thread finished: Thread Group 1-3
2024-05-14 15:35:50,201 INFO o.a.j.t.JMeterThread: Stopping: Thread Group 1-2
2024-05-14 15:35:50,202 WARN o.a.j.t.JMeterThread: Interrupting: Thread Group 1-2 sampler: Business
2024-05-14 15:35:50,202 INFO o.a.j.t.JMeterThread: Stopping: Thread Group 1-7
2024-05-14 15:35:50,202 WARN o.a.j.t.JMeterThread: Interrupting: Thread Group 1-7 sampler: Business
2024-05-14 15:35:50,202 INFO o.a.j.t.JMeterThread: Stopping: Thread Group 1-5
2024-05-14 15:35:50,202 INFO o.a.j.t.JMeterThread: Thread finished: Thread Group 1-9
2024-05-14 15:35:50,202 WARN o.a.j.t.JMeterThread: Interrupting: Thread Group 1-5 sampler: Business
2024-05-14 15:35:50,202 INFO o.a.j.t.JMeterThread: Thread finished: Thread Group 1-2
2024-05-14 15:35:50,203 INFO o.a.j.t.JMeterThread: Thread finished: Thread Group 1-7
2024-05-14 15:35:50,203 INFO o.a.j.t.JMeterThread: Thread finished: Thread Group 1-5
2024-05-14 15:35:50,203 INFO o.a.j.e.StandardJMeterEngine: Notifying test listeners of end of test
2024-05-14 15:35:50,204 INFO o.a.j.g.u.JMeterMenuBar: setRunning(false, *local*)
2024-05-14 15:35:52,312 INFO o.a.j.e.StandardJMeterEngine: Running the test!
2024-05-14 15:35:52,313 INFO o.a.j.s.SampleEvent: List of sample_variables: []
2024-05-14 15:35:52,313 INFO o.a.j.g.u.JMeterMenuBar: setRunning(true, *local*)
2024-05-14 15:35:52,361 INFO o.a.j.e.StandardJMeterEngine: Starting ThreadGroup: 1 : Thread Group
2024-05-14 15:35:52,362 INFO o.a.j.e.StandardJMeterEngine: Starting 10 threads for group Thread Group.
2024-05-14 15:35:52,362 INFO o.a.j.e.StandardJMeterEngine: Thread will continue on error
2024-05-14 15:35:52,362 INFO o.a.j.t.ThreadGroup: Starting thread group... number=1 threads=10 ramp-up=2 delayedStart=false
2024-05-14 15:35:52,363 INFO o.a.j.t.JMeterThread: Thread started: Thread Group 1-1
2024-05-14 15:35:52,367 INFO o.a.j.t.ThreadGroup: Started thread group number 1
2024-05-14 15:35:52,367 INFO o.a.j.e.StandardJMeterEngine: All thread groups have been started
2024-05-14 15:35:52,565 INFO o.a.j.t.JMeterThread: Thread started: Thread Group 1-2
2024-05-14 15:35:52,768 INFO o.a.j.t.JMeterThread: Thread started: Thread Group 1-3
2024-05-14 15:35:52,966 INFO o.a.j.t.JMeterThread: Thread started: Thread Group 1-4
2024-05-14 15:35:53,163 INFO o.a.j.t.JMeterThread: Thread started: Thread Group 1-5
2024-05-14 15:35:53,366 INFO o.a.j.t.JMeterThread: Thread started: Thread Group 1-6
2024-05-14 15:35:53,568 INFO o.a.j.t.JMeterThread: Thread started: Thread Group 1-7
2024-05-14 15:35:53,768 INFO o.a.j.t.JMeterThread: Thread started: Thread Group 1-8
2024-05-14 15:35:53,967 INFO o.a.j.t.JMeterThread: Thread started: Thread Group 1-9
2024-05-14 15:35:54,168 INFO o.a.j.t.JMeterThread: Thread started: Thread Group 1-10
2024-05-14 15:36:54,952 INFO o.a.j.g.a.Start: Stopping test
2024-05-14 15:36:54,976 INFO o.a.j.t.JMeterThread: Stopping: Thread Group 1-8
2024-05-14 15:36:54,976 WARN o.a.j.t.JMeterThread: Interrupting: Thread Group 1-8 sampler: Resources
2024-05-14 15:36:54,977 INFO o.a.j.t.JMeterThread: Stopping: Thread Group 1-9
2024-05-14 15:36:54,977 WARN o.a.j.t.JMeterThread: Interrupting: Thread Group 1-9 sampler: Business
2024-05-14 15:36:54,978 INFO o.a.j.t.JMeterThread: Stopping: Thread Group 1-2
2024-05-14 15:36:54,978 WARN o.a.j.t.JMeterThread: Interrupting: Thread Group 1-2 sampler: Business
2024-05-14 15:36:54,978 INFO o.a.j.t.JMeterThread: Thread finished: Thread Group 1-8
2024-05-14 15:36:54,978 INFO o.a.j.t.JMeterThread: Thread finished: Thread Group 1-9
2024-05-14 15:36:54,978 INFO o.a.j.t.JMeterThread: Stopping: Thread Group 1-7
2024-05-14 15:36:54,978 WARN o.a.j.t.JMeterThread: Interrupting: Thread Group 1-7 sampler: Resources
2024-05-14 15:36:54,979 INFO o.a.j.t.JMeterThread: Stopping: Thread Group 1-1
2024-05-14 15:36:54,979 WARN o.a.j.t.JMeterThread: Interrupting: Thread Group 1-1 sampler: Business
2024-05-14 15:36:54,979 INFO o.a.j.t.JMeterThread: Stopping: Thread Group 1-5
2024-05-14 15:36:54,979 INFO o.a.j.t.JMeterThread: Thread finished: Thread Group 1-7
2024-05-14 15:36:54,979 INFO o.a.j.t.JMeterThread: Thread finished: Thread Group 1-2
2024-05-14 15:36:54,979 WARN o.a.j.t.JMeterThread: Interrupting: Thread Group 1-5 sampler: Business
2024-05-14 15:36:54,980 INFO o.a.j.t.JMeterThread: Thread finished: Thread Group 1-1
2024-05-14 15:36:54,980 INFO o.a.j.t.JMeterThread: Stopping: Thread Group 1-6
2024-05-14 15:36:54,980 WARN o.a.j.t.JMeterThread: Interrupting: Thread Group 1-6 sampler: Business
2024-05-14 15:36:54,980 INFO o.a.j.t.JMeterThread: Stopping: Thread Group 1-3
2024-05-14 15:36:54,980 WARN o.a.j.t.JMeterThread: Interrupting: Thread Group 1-3 sampler: Business
2024-05-14 15:36:54,980 INFO o.a.j.t.JMeterThread: Thread finished: Thread Group 1-5
2024-05-14 15:36:54,981 INFO o.a.j.t.JMeterThread: Thread finished: Thread Group 1-6
2024-05-14 15:36:54,981 INFO o.a.j.t.JMeterThread: Stopping: Thread Group 1-10
2024-05-14 15:36:54,981 WARN o.a.j.t.JMeterThread: Interrupting: Thread Group 1-10 sampler: Simpli
2024-05-14 15:36:54,981 INFO o.a.j.t.JMeterThread: Stopping: Thread Group 1-4
2024-05-14 15:36:54,981 WARN o.a.j.t.JMeterThread: Interrupting: Thread Group 1-4 sampler: Resources
2024-05-14 15:36:54,981 INFO o.a.j.t.JMeterThread: Thread finished: Thread Group 1-3
2024-05-14 15:36:54,982 INFO o.a.j.t.JMeterThread: Thread finished: Thread Group 1-10
2024-05-14 15:36:54,982 INFO o.a.j.t.JMeterThread: Thread finished: Thread Group 1-4
2024-05-14 15:36:54,982 INFO o.a.j.e.StandardJMeterEngine: Notifying test listeners of end of test
2024-05-14 15:36:54,982 INFO o.a.j.g.u.JMeterMenuBar: setRunning(false, *local*)
2024-05-14 15:37:56,283 INFO o.a.j.e.StandardJMeterEngine: Running the test!
2024-05-14 15:37:56,284 INFO o.a.j.s.SampleEvent: List of sample_variables: []
2024-05-14 15:37:56,284 INFO o.a.j.g.u.JMeterMenuBar: setRunning(true, *local*)
2024-05-14 15:37:56,326 INFO o.a.j.e.StandardJMeterEngine: Starting ThreadGroup: 1 : Thread Group
2024-05-14 15:37:56,326 INFO o.a.j.e.StandardJMeterEngine: Starting 10 threads for group Thread Group.
2024-05-14 15:37:56,326 INFO o.a.j.e.StandardJMeterEngine: Thread will continue on error
2024-05-14 15:37:56,326 INFO o.a.j.t.ThreadGroup: Starting thread group... number=1 threads=10 ramp-up=2 delayedStart=false
2024-05-14 15:37:56,327 INFO o.a.j.t.JMeterThread: Thread started: Thread Group 1-1
2024-05-14 15:37:56,330 INFO o.a.j.t.ThreadGroup: Started thread group number 1
2024-05-14 15:37:56,330 INFO o.a.j.e.StandardJMeterEngine: All thread groups have been started
2024-05-14 15:37:56,533 INFO o.a.j.t.JMeterThread: Thread started: Thread Group 1-2
2024-05-14 15:37:56,733 INFO o.a.j.t.JMeterThread: Thread started: Thread Group 1-3
2024-05-14 15:37:56,930 INFO o.a.j.t.JMeterThread: Thread started: Thread Group 1-4
2024-05-14 15:37:57,133 INFO o.a.j.t.JMeterThread: Thread started: Thread Group 1-5
2024-05-14 15:37:57,333 INFO o.a.j.t.JMeterThread: Thread started: Thread Group 1-6
2024-05-14 15:37:57,533 INFO o.a.j.t.JMeterThread: Thread started: Thread Group 1-7
2024-05-14 15:37:57,732 INFO o.a.j.t.JMeterThread: Thread started: Thread Group 1-8
2024-05-14 15:37:57,929 INFO o.a.j.t.JMeterThread: Thread started: Thread Group 1-9
2024-05-14 15:37:58,129 INFO o.a.j.t.JMeterThread: Thread started: Thread Group 1-10
2024-05-14 15:38:22,869 INFO o.a.j.t.JMeterThread: Thread is done: Thread Group 1-7
2024-05-14 15:38:22,870 INFO o.a.j.t.JMeterThread: Thread finished: Thread Group 1-7
2024-05-14 15:38:30,652 INFO o.a.j.t.JMeterThread: Thread is done: Thread Group 1-8
2024-05-14 15:38:30,652 INFO o.a.j.t.JMeterThread: Thread finished: Thread Group 1-8
2024-05-14 15:38:33,420 INFO o.a.j.t.JMeterThread: Thread is done: Thread Group 1-9
2024-05-14 15:38:33,420 INFO o.a.j.t.JMeterThread: Thread finished: Thread Group 1-9
2024-05-14 15:38:35,092 INFO o.a.j.t.JMeterThread: Thread is done: Thread Group 1-5
2024-05-14 15:38:35,092 INFO o.a.j.t.JMeterThread: Thread finished: Thread Group 1-5
2024-05-14 15:38:35,628 INFO o.a.j.t.JMeterThread: Thread is done: Thread Group 1-4
2024-05-14 15:38:35,628 INFO o.a.j.t.JMeterThread: Thread finished: Thread Group 1-4
2024-05-14 15:38:36,102 INFO o.a.j.t.JMeterThread: Thread is done: Thread Group 1-1
2024-05-14 15:38:36,103 INFO o.a.j.t.JMeterThread: Thread finished: Thread Group 1-1
2024-05-14 15:38:36,327 INFO o.a.j.t.JMeterThread: Thread is done: Thread Group 1-2
2024-05-14 15:38:36,327 INFO o.a.j.t.JMeterThread: Thread finished: Thread Group 1-2
2024-05-14 15:38:37,486 INFO o.a.j.t.JMeterThread: Thread is done: Thread Group 1-6
2024-05-14 15:38:37,486 INFO o.a.j.t.JMeterThread: Thread finished: Thread Group 1-6
2024-05-14 15:38:38,807 INFO o.a.j.t.JMeterThread: Thread is done: Thread Group 1-10
2024-05-14 15:38:38,807 INFO o.a.j.t.JMeterThread: Thread finished: Thread Group 1-10
2024-05-14 15:38:50,135 INFO o.a.j.t.JMeterThread: Thread is done: Thread Group 1-3
2024-05-14 15:38:50,136 INFO o.a.j.t.JMeterThread: Thread finished: Thread Group 1-3
2024-05-14 15:38:50,137 INFO o.a.j.e.StandardJMeterEngine: Notifying test listeners of end of test
2024-05-14 15:38:50,137 INFO o.a.j.g.u.JMeterMenuBar: setRunning(false, *local*)
2024-05-14 15:40:47,404 INFO o.a.j.e.StandardJMeterEngine: Running the test!
2024-05-14 15:40:47,404 INFO o.a.j.s.SampleEvent: List of sample_variables: []
2024-05-14 15:40:47,405 INFO o.a.j.g.u.JMeterMenuBar: setRunning(true, *local*)
2024-05-14 15:40:47,433 INFO o.a.j.e.StandardJMeterEngine: Starting ThreadGroup: 1 : Thread Group
2024-05-14 15:40:47,434 INFO o.a.j.e.StandardJMeterEngine: Starting 10 threads for group Thread Group.
2024-05-14 15:40:47,434 INFO o.a.j.e.StandardJMeterEngine: Thread will continue on error
2024-05-14 15:40:47,434 INFO o.a.j.t.ThreadGroup: Starting thread group... number=1 threads=10 ramp-up=2 delayedStart=false
2024-05-14 15:40:47,434 INFO o.a.j.t.JMeterThread: Thread started: Thread Group 1-1
2024-05-14 15:40:47,436 INFO o.a.j.t.ThreadGroup: Started thread group number 1
2024-05-14 15:40:47,436 INFO o.a.j.e.StandardJMeterEngine: All thread groups have been started
2024-05-14 15:40:47,639 INFO o.a.j.t.JMeterThread: Thread started: Thread Group 1-2
2024-05-14 15:40:47,840 INFO o.a.j.t.JMeterThread: Thread started: Thread Group 1-3
2024-05-14 15:40:48,038 INFO o.a.j.t.JMeterThread: Thread started: Thread Group 1-4
2024-05-14 15:40:48,237 INFO o.a.j.t.JMeterThread: Thread started: Thread Group 1-5
2024-05-14 15:40:48,440 INFO o.a.j.t.JMeterThread: Thread started: Thread Group 1-6
2024-05-14 15:40:48,640 INFO o.a.j.t.JMeterThread: Thread started: Thread Group 1-7
2024-05-14 15:40:48,840 INFO o.a.j.t.JMeterThread: Thread started: Thread Group 1-8
2024-05-14 15:40:49,036 INFO o.a.j.t.JMeterThread: Thread started: Thread Group 1-9
2024-05-14 15:40:49,239 INFO o.a.j.t.JMeterThread: Thread started: Thread Group 1-10
2024-05-14 15:40:49,692 INFO o.a.j.t.JMeterThread: Thread is done: Thread Group 1-1
2024-05-14 15:40:49,692 INFO o.a.j.t.JMeterThread: Thread finished: Thread Group 1-1
2024-05-14 15:40:50,102 INFO o.a.j.t.JMeterThread: Thread is done: Thread Group 1-2
2024-05-14 15:40:50,102 INFO o.a.j.t.JMeterThread: Thread finished: Thread Group 1-2
2024-05-14 15:40:50,752 INFO o.a.j.t.JMeterThread: Thread is done: Thread Group 1-3
2024-05-14 15:40:50,752 INFO o.a.j.t.JMeterThread: Thread finished: Thread Group 1-3
2024-05-14 15:40:53,029 INFO o.a.j.t.JMeterThread: Thread is done: Thread Group 1-4
2024-05-14 15:40:53,029 INFO o.a.j.t.JMeterThread: Thread finished: Thread Group 1-4
2024-05-14 15:40:54,375 INFO o.a.j.t.JMeterThread: Thread is done: Thread Group 1-5
2024-05-14 15:40:54,375 INFO o.a.j.t.JMeterThread: Thread finished: Thread Group 1-5
2024-05-14 15:40:54,485 INFO o.a.j.t.JMeterThread: Thread is done: Thread Group 1-10
2024-05-14 15:40:54,485 INFO o.a.j.t.JMeterThread: Thread finished: Thread Group 1-10
2024-05-14 15:40:56,133 INFO o.a.j.t.JMeterThread: Thread is done: Thread Group 1-6
2024-05-14 15:40:56,134 INFO o.a.j.t.JMeterThread: Thread finished: Thread Group 1-6
2024-05-14 15:40:57,901 INFO o.a.j.t.JMeterThread: Thread is done: Thread Group 1-8
2024-05-14 15:40:57,901 INFO o.a.j.t.JMeterThread: Thread finished: Thread Group 1-8
2024-05-14 15:41:00,073 INFO o.a.j.t.JMeterThread: Thread is done: Thread Group 1-9
2024-05-14 15:41:00,074 INFO o.a.j.t.JMeterThread: Thread finished: Thread Group 1-9
2024-05-14 15:41:06,056 INFO o.a.j.t.JMeterThread: Thread is done: Thread Group 1-7
2024-05-14 15:41:06,057 INFO o.a.j.t.JMeterThread: Thread finished: Thread Group 1-7
2024-05-14 15:41:06,058 INFO o.a.j.e.StandardJMeterEngine: Notifying test listeners of end of test
2024-05-14 15:41:06,058 INFO o.a.j.g.u.JMeterMenuBar: setRunning(false, *local*)
2024-05-14 15:41:10,329 INFO o.a.j.e.StandardJMeterEngine: Running the test!
2024-05-14 15:41:10,330 INFO o.a.j.s.SampleEvent: List of sample_variables: []
2024-05-14 15:41:10,330 INFO o.a.j.g.u.JMeterMenuBar: setRunning(true, *local*)
2024-05-14 15:41:10,366 INFO o.a.j.e.StandardJMeterEngine: Starting ThreadGroup: 1 : Thread Group
2024-05-14 15:41:10,367 INFO o.a.j.e.StandardJMeterEngine: Starting 10 threads for group Thread Group.
2024-05-14 15:41:10,367 INFO o.a.j.e.StandardJMeterEngine: Thread will continue on error
2024-05-14 15:41:10,367 INFO o.a.j.t.ThreadGroup: Starting thread group... number=1 threads=10 ramp-up=2 delayedStart=false
2024-05-14 15:41:10,368 INFO o.a.j.t.JMeterThread: Thread started: Thread Group 1-1
2024-05-14 15:41:10,369 INFO o.a.j.t.ThreadGroup: Started thread group number 1
2024-05-14 15:41:10,369 INFO o.a.j.e.StandardJMeterEngine: All thread groups have been started
2024-05-14 15:41:10,573 INFO o.a.j.t.JMeterThread: Thread started: Thread Group 1-2
2024-05-14 15:41:10,772 INFO o.a.j.t.JMeterThread: Thread started: Thread Group 1-3
2024-05-14 15:41:10,972 INFO o.a.j.t.JMeterThread: Thread started: Thread Group 1-4
2024-05-14 15:41:11,151 INFO o.a.j.g.a.Start: Stopping test
2024-05-14 15:41:11,169 INFO o.a.j.t.JMeterThread: Thread started: Thread Group 1-5
2024-05-14 15:41:11,172 INFO o.a.j.t.JMeterThread: Stopping: Thread Group 1-4
2024-05-14 15:41:11,172 WARN o.a.j.t.JMeterThread: Interrupting: Thread Group 1-4 sampler: Simpli
2024-05-14 15:41:11,172 INFO o.a.j.t.JMeterThread: Stopping: Thread Group 1-1
2024-05-14 15:41:11,173 WARN o.a.j.t.JMeterThread: Interrupting: Thread Group 1-1 sampler: Resources
2024-05-14 15:41:11,173 INFO o.a.j.t.JMeterThread: Stopping: Thread Group 1-5
2024-05-14 15:41:11,173 INFO o.a.j.t.JMeterThread: Thread finished: Thread Group 1-4
2024-05-14 15:41:11,173 WARN o.a.j.t.JMeterThread: Interrupting: Thread Group 1-5 sampler: Simpli
2024-05-14 15:41:11,173 INFO o.a.j.t.JMeterThread: Stopping: Thread Group 1-10
2024-05-14 15:41:11,174 INFO o.a.j.t.JMeterThread: Stopping: Thread Group 1-2
2024-05-14 15:41:11,174 WARN o.a.j.t.JMeterThread: Interrupting: Thread Group 1-2 sampler: Simpli
2024-05-14 15:41:11,174 INFO o.a.j.t.JMeterThread: Thread finished: Thread Group 1-1
2024-05-14 15:41:11,174 INFO o.a.j.t.JMeterThread: Stopping: Thread Group 1-3
2024-05-14 15:41:11,174 WARN o.a.j.t.JMeterThread: Interrupting: Thread Group 1-3 sampler: Simpli
2024-05-14 15:41:11,174 INFO o.a.j.t.JMeterThread: Stopping: Thread Group 1-6
2024-05-14 15:41:11,174 INFO o.a.j.t.JMeterThread: Stopping: Thread Group 1-9
2024-05-14 15:41:11,175 INFO o.a.j.t.JMeterThread: Stopping: Thread Group 1-7
2024-05-14 15:41:11,175 INFO o.a.j.t.JMeterThread: Stopping: Thread Group 1-8
2024-05-14 15:41:11,175 INFO o.a.j.t.JMeterThread: Thread finished: Thread Group 1-2
2024-05-14 15:41:11,175 INFO o.a.j.t.JMeterThread: Thread finished: Thread Group 1-3
2024-05-14 15:41:11,175 INFO o.a.j.t.JMeterThread: Thread started: Thread Group 1-6
2024-05-14 15:41:11,175 INFO o.a.j.t.JMeterThread: Thread started: Thread Group 1-10
2024-05-14 15:41:11,175 INFO o.a.j.t.JMeterThread: Thread started: Thread Group 1-8
2024-05-14 15:41:11,175 INFO o.a.j.t.JMeterThread: Thread finished: Thread Group 1-10
2024-05-14 15:41:11,175 INFO o.a.j.t.JMeterThread: Thread finished: Thread Group 1-6
2024-05-14 15:41:11,175 INFO o.a.j.t.JMeterThread: Thread started: Thread Group 1-9
2024-05-14 15:41:11,176 INFO o.a.j.t.JMeterThread: Thread finished: Thread Group 1-5
2024-05-14 15:41:11,175 INFO o.a.j.t.JMeterThread: Thread finished: Thread Group 1-8
2024-05-14 15:41:11,175 INFO o.a.j.t.JMeterThread: Thread started: Thread Group 1-7
2024-05-14 15:41:11,176 INFO o.a.j.t.JMeterThread: Thread finished: Thread Group 1-9
2024-05-14 15:41:11,176 INFO o.a.j.t.JMeterThread: Thread finished: Thread Group 1-7
2024-05-14 15:41:11,176 INFO o.a.j.e.StandardJMeterEngine: Notifying test listeners of end of test
2024-05-14 15:41:11,176 INFO o.a.j.g.u.JMeterMenuBar: setRunning(false, *local*)
2024-05-14 15:41:22,596 INFO o.a.j.e.StandardJMeterEngine: Running the test!
2024-05-14 15:41:22,596 INFO o.a.j.s.SampleEvent: List of sample_variables: []
2024-05-14 15:41:22,597 INFO o.a.j.g.u.JMeterMenuBar: setRunning(true, *local*)
2024-05-14 15:41:22,637 INFO o.a.j.e.StandardJMeterEngine: Starting ThreadGroup: 1 : Thread Group
2024-05-14 15:41:22,638 INFO o.a.j.e.StandardJMeterEngine: Starting 10 threads for group Thread Group.
2024-05-14 15:41:22,638 INFO o.a.j.e.StandardJMeterEngine: Thread will continue on error
2024-05-14 15:41:22,638 INFO o.a.j.t.ThreadGroup: Starting thread group... number=1 threads=10 ramp-up=2 delayedStart=false
2024-05-14 15:41:22,638 INFO o.a.j.t.JMeterThread: Thread started: Thread Group 1-1
2024-05-14 15:41:22,640 INFO o.a.j.t.ThreadGroup: Started thread group number 1
2024-05-14 15:41:22,640 INFO o.a.j.e.StandardJMeterEngine: All thread groups have been started
2024-05-14 15:41:22,844 INFO o.a.j.t.JMeterThread: Thread started: Thread Group 1-2
2024-05-14 15:41:23,044 INFO o.a.j.t.JMeterThread: Thread started: Thread Group 1-3
2024-05-14 15:41:23,244 INFO o.a.j.t.JMeterThread: Thread started: Thread Group 1-4
2024-05-14 15:41:23,443 INFO o.a.j.t.JMeterThread: Thread started: Thread Group 1-5
2024-05-14 15:41:23,643 INFO o.a.j.t.JMeterThread: Thread started: Thread Group 1-6
2024-05-14 15:41:23,843 INFO o.a.j.t.JMeterThread: Thread started: Thread Group 1-7
2024-05-14 15:41:24,044 INFO o.a.j.t.JMeterThread: Thread started: Thread Group 1-8
2024-05-14 15:41:24,244 INFO o.a.j.t.JMeterThread: Thread started: Thread Group 1-9
2024-05-14 15:41:24,441 INFO o.a.j.t.JMeterThread: Thread started: Thread Group 1-10
2024-05-14 15:41:25,399 INFO o.a.j.t.JMeterThread: Thread is done: Thread Group 1-1
2024-05-14 15:41:25,399 INFO o.a.j.t.JMeterThread: Thread finished: Thread Group 1-1
2024-05-14 15:41:29,647 INFO o.a.j.t.JMeterThread: Thread is done: Thread Group 1-3
2024-05-14 15:41:29,647 INFO o.a.j.t.JMeterThread: Thread finished: Thread Group 1-3
2024-05-14 15:41:40,560 INFO o.a.j.t.JMeterThread: Thread is done: Thread Group 1-4
2024-05-14 15:41:40,561 INFO o.a.j.t.JMeterThread: Thread finished: Thread Group 1-4
2024-05-14 15:41:41,141 INFO o.a.j.t.JMeterThread: Thread is done: Thread Group 1-10
2024-05-14 15:41:41,142 INFO o.a.j.t.JMeterThread: Thread finished: Thread Group 1-10
2024-05-14 15:41:41,159 INFO o.a.j.t.JMeterThread: Thread is done: Thread Group 1-2
2024-05-14 15:41:41,159 INFO o.a.j.t.JMeterThread: Thread finished: Thread Group 1-2
2024-05-14 15:41:46,109 INFO o.a.j.t.JMeterThread: Thread is done: Thread Group 1-5
2024-05-14 15:41:46,109 INFO o.a.j.t.JMeterThread: Thread finished: Thread Group 1-5
2024-05-14 15:41:47,444 INFO o.a.j.t.JMeterThread: Thread is done: Thread Group 1-7
2024-05-14 15:41:47,444 INFO o.a.j.t.JMeterThread: Thread finished: Thread Group 1-7
2024-05-14 15:41:49,774 INFO o.a.j.t.JMeterThread: Thread is done: Thread Group 1-6
2024-05-14 15:41:49,775 INFO o.a.j.t.JMeterThread: Thread finished: Thread Group 1-6
2024-05-14 15:42:00,247 INFO o.a.j.t.JMeterThread: Thread is done: Thread Group 1-8
2024-05-14 15:42:00,248 INFO o.a.j.t.JMeterThread: Thread finished: Thread Group 1-8
2024-05-14 15:42:15,305 INFO o.a.j.t.JMeterThread: Thread is done: Thread Group 1-9
2024-05-14 15:42:15,306 INFO o.a.j.t.JMeterThread: Thread finished: Thread Group 1-9
2024-05-14 15:42:15,307 INFO o.a.j.e.StandardJMeterEngine: Notifying test listeners of end of test
2024-05-14 15:42:15,307 INFO o.a.j.g.u.JMeterMenuBar: setRunning(false, *local*)
